<?xml version="1.0" encoding="UTF-8"?>
<!-- Generated by org.testng.reporters.JUnitReportReporter -->
<testsuite hostname="LAPTOP-17MQ7V8O" failures="0" tests="1" name="e_commerce.Flipkart" time="27.034" errors="0" timestamp="2023-08-22T11:13:23 IST" skipped="0">
  <testcase classname="e_commerce.Flipkart" name="FlipcartTest" time="27.034">
    <system-out>
      <![CDATA[opening Flipcart]]>
    </system-out>
  </testcase> <!-- FlipcartTest -->
  <system-out>
    <![CDATA[opening amazone
opening Flipcart
opening ajio]]>
  </system-out>
</testsuite> <!-- e_commerce.Flipkart -->
